ERROR:root:Error fetching data for ['SOVF', 'SOUNW', 'SOUN', 'SOS', 'SOPH', 'SOPA', 'PTHL', 'SONN', 'SONM', 'SONDW', 'SOND', 'PROP', 'AOMR', 'SOBR', 'PHK', 'PHIO', 'SNSE', 'OACC', 'SNPD', 'NKGN']: database is locked
ERROR:root:Error fetching data for ['SOVF', 'SOUNW', 'SOUN', 'SOS', 'SOPH', 'SOPA', 'PTHL', 'SONN', 'SONM', 'SONDW', 'SOND', 'PROP', 'AOMR', 'SOBR', 'PHK', 'PHIO', 'SNSE', 'OACC', 'SNPD', 'NKGN']: database is locked
ERROR:root:Error fetching data for ['SOVF', 'SOUNW', 'SOUN', 'SOS', 'SOPH', 'SOPA', 'PTHL', 'SONN', 'SONM', 'SONDW', 'SOND', 'PROP', 'AOMR', 'SOBR', 'PHK', 'PHIO', 'SNSE', 'OACC', 'SNPD', 'NKGN']: database is locked
ERROR:root:Error fetching data for ['SMXT', 'SMX', 'SMTK', 'TRT', 'SMOG', 'SMN', 'SMMD', 'SMDV', 'SMDD', 'SMCY', 'SMCX', 'SMCO', 'SMCL', 'SMCF', 'NTTYY', 'WHTX', 'SMBS', 'SIXP', 'SMB', 'SMAY']: database is locked
ERROR:root:Error fetching data for ['DSFIY', 'SGAPY', 'GELYY', 'DNNGY', 'JBSAY', 'EXPGY', 'ESALY', 'CTTAY', 'PIFMY', 'SAXPY', 'BURBY', 'MONDY', 'ADDYY', 'DBOEY', 'BZLFY', 'TATYY', 'GMVHY', 'KGFHY', 'TRUMY', 'CMPGY']: subscription does not permit querying recent SIP data
ERROR:root:Error fetching data for ['DSFIY', 'SGAPY', 'GELYY', 'DNNGY', 'JBSAY', 'EXPGY', 'ESALY', 'CTTAY', 'PIFMY', 'SAXPY', 'BURBY', 'MONDY', 'ADDYY', 'DBOEY', 'BZLFY', 'TATYY', 'GMVHY', 'KGFHY', 'TRUMY', 'CMPGY']: subscription does not permit querying recent SIP data
ERROR:root:Error fetching data for ['DSFIY', 'SGAPY', 'GELYY', 'DNNGY', 'JBSAY', 'EXPGY', 'ESALY', 'CTTAY', 'PIFMY', 'SAXPY', 'BURBY', 'MONDY', 'ADDYY', 'DBOEY', 'BZLFY', 'TATYY', 'GMVHY', 'KGFHY', 'TRUMY', 'CMPGY']: subscription does not permit querying recent SIP data
ERROR:root:Error fetching data for ['UVRBY', 'STRNY', 'BRDCY', 'VWAGY', 'TOELY', 'SINGY', 'JBAXY', 'TKOMY', 'NTDOY', 'CJPRY', 'STBFY', 'WFAFY', 'CRPJY', 'RCRUY', 'CLRCU', 'ORKLY', 'ASM', 'FMX', 'IGD', 'FGB']: subscription does not permit querying recent SIP data
ERROR:root:Error fetching data for ['UVRBY', 'STRNY', 'BRDCY', 'VWAGY', 'TOELY', 'SINGY', 'JBAXY', 'TKOMY', 'NTDOY', 'CJPRY', 'STBFY', 'WFAFY', 'CRPJY', 'RCRUY', 'CLRCU', 'ORKLY', 'ASM', 'FMX', 'IGD', 'FGB']: subscription does not permit querying recent SIP data
ERROR:root:Error fetching data for ['UVRBY', 'STRNY', 'BRDCY', 'VWAGY', 'TOELY', 'SINGY', 'JBAXY', 'TKOMY', 'NTDOY', 'CJPRY', 'STBFY', 'WFAFY', 'CRPJY', 'RCRUY', 'CLRCU', 'ORKLY', 'ASM', 'FMX', 'IGD', 'FGB']: subscription does not permit querying recent SIP data
ERROR:root:Error fetching data for ['MGMT', 'ARBE', 'NECB', 'NBIS', 'GENC', 'CKX', 'IFN', 'HUMA', 'GLDD', 'FXF', 'FTHM', 'HYD', 'FSFG', 'DHIL', 'CFFI', 'SVNDY', 'CLPHY', 'PSFM', 'NTOIY', 'SGPYY']: subscription does not permit querying recent SIP data
ERROR:root:Error fetching data for ['MGMT', 'ARBE', 'NECB', 'NBIS', 'GENC', 'CKX', 'IFN', 'HUMA', 'GLDD', 'FXF', 'FTHM', 'HYD', 'FSFG', 'DHIL', 'CFFI', 'SVNDY', 'CLPHY', 'PSFM', 'NTOIY', 'SGPYY']: subscription does not permit querying recent SIP data
ERROR:root:Error fetching data for ['MGMT', 'ARBE', 'NECB', 'NBIS', 'GENC', 'CKX', 'IFN', 'HUMA', 'GLDD', 'FXF', 'FTHM', 'HYD', 'FSFG', 'DHIL', 'CFFI', 'SVNDY', 'CLPHY', 'PSFM', 'NTOIY', 'SGPYY']: subscription does not permit querying recent SIP data
ERROR:root:Error fetching data for ['CABGY', 'WLAC', 'SOUHY', 'RNECY', 'CMWAY', 'BYDDY', 'SQLV', 'VLVLY', 'SEOAY', 'DNPLY', 'KYOCY', 'BPHLY', 'EBKDY', 'STTSY', 'MYTE', 'AGESY', 'GLNCY', 'TTDKY', 'SSEZY', 'GXYYY']: subscription does not permit querying recent SIP data
ERROR:root:Error fetching data for ['CABGY', 'WLAC', 'SOUHY', 'RNECY', 'CMWAY', 'BYDDY', 'SQLV', 'VLVLY', 'SEOAY', 'DNPLY', 'KYOCY', 'BPHLY', 'EBKDY', 'STTSY', 'MYTE', 'AGESY', 'GLNCY', 'TTDKY', 'SSEZY', 'GXYYY']: subscription does not permit querying recent SIP data
ERROR:root:Error fetching data for ['CABGY', 'WLAC', 'SOUHY', 'RNECY', 'CMWAY', 'BYDDY', 'SQLV', 'VLVLY', 'SEOAY', 'DNPLY', 'KYOCY', 'BPHLY', 'EBKDY', 'STTSY', 'MYTE', 'AGESY', 'GLNCY', 'TTDKY', 'SSEZY', 'GXYYY']: subscription does not permit querying recent SIP data
ERROR:root:Error fetching data for ['RICOY', 'AMKBY', 'KMTUY', 'BTVCY', 'WMMVY', 'HRTX', 'PSK', 'DRLL', 'NEUP', 'GVI', 'EBR', 'MRPLY', 'YZCAY', 'BVNRY', 'OVCHY', 'NABZY', 'HKXCY', 'ATEYY', 'ADYEY', 'UPMMY']: subscription does not permit querying recent SIP data
ERROR:root:Error fetching data for ['RICOY', 'AMKBY', 'KMTUY', 'BTVCY', 'WMMVY', 'HRTX', 'PSK', 'DRLL', 'NEUP', 'GVI', 'EBR', 'MRPLY', 'YZCAY', 'BVNRY', 'OVCHY', 'NABZY', 'HKXCY', 'ATEYY', 'ADYEY', 'UPMMY']: subscription does not permit querying recent SIP data
ERROR:root:Error fetching data for ['RICOY', 'AMKBY', 'KMTUY', 'BTVCY', 'WMMVY', 'HRTX', 'PSK', 'DRLL', 'NEUP', 'GVI', 'EBR', 'MRPLY', 'YZCAY', 'BVNRY', 'OVCHY', 'NABZY', 'HKXCY', 'ATEYY', 'ADYEY', 'UPMMY']: subscription does not permit querying recent SIP data
ERROR:root:Error fetching data for ['MURGY', 'NGLOY', 'KPCPY', 'CJEWY', 'AKZOY', 'ASHTY', 'MPNGY', 'NDEKY', 'CHGCY', 'TELNY', 'WEGRY', 'PPERY', 'DSNKY', 'SSREY', 'FUJHY', 'LNVGY', 'UNVGY', 'ASMIY', 'IFNNY', 'NTSI']: subscription does not permit querying recent SIP data
ERROR:root:Error fetching data for ['MURGY', 'NGLOY', 'KPCPY', 'CJEWY', 'AKZOY', 'ASHTY', 'MPNGY', 'NDEKY', 'CHGCY', 'TELNY', 'WEGRY', 'PPERY', 'DSNKY', 'SSREY', 'FUJHY', 'LNVGY', 'UNVGY', 'ASMIY', 'IFNNY', 'NTSI']: subscription does not permit querying recent SIP data
ERROR:root:Error fetching data for ['MURGY', 'NGLOY', 'KPCPY', 'CJEWY', 'AKZOY', 'ASHTY', 'MPNGY', 'NDEKY', 'CHGCY', 'TELNY', 'WEGRY', 'PPERY', 'DSNKY', 'SSREY', 'FUJHY', 'LNVGY', 'UNVGY', 'ASMIY', 'IFNNY', 'NTSI']: subscription does not permit querying recent SIP data
ERROR:root:Error fetching data for ['OILK', 'WLACW', 'RAPT', 'QQQY', 'QQQX', 'NTWK', 'PBE', 'MAGX', 'EWA', 'IMBBY', 'WAR', 'RAAX', 'WEEL', 'VMCAU', 'TBFG', 'SDFI', 'PRAE', 'PLBC', 'NCZ', 'MTUL']: subscription does not permit querying recent SIP data
ERROR:root:Error fetching data for ['OILK', 'WLACW', 'RAPT', 'QQQY', 'QQQX', 'NTWK', 'PBE', 'MAGX', 'EWA', 'IMBBY', 'WAR', 'RAAX', 'WEEL', 'VMCAU', 'TBFG', 'SDFI', 'PRAE', 'PLBC', 'NCZ', 'MTUL']: subscription does not permit querying recent SIP data
ERROR:root:Error fetching data for ['OILK', 'WLACW', 'RAPT', 'QQQY', 'QQQX', 'NTWK', 'PBE', 'MAGX', 'EWA', 'IMBBY', 'WAR', 'RAAX', 'WEEL', 'VMCAU', 'TBFG', 'SDFI', 'PRAE', 'PLBC', 'NCZ', 'MTUL']: subscription does not permit querying recent SIP data
ERROR:root:Error fetching data for ['MNTSW', 'LEDS', 'ZKH', 'YCL', 'XISE', 'WLACU', 'UNMA', 'TCAF', 'KOCT', 'OVT', 'ITDE', 'IZTC', 'FCOR', 'ECDA', 'CPAC', 'CLOB', 'PMO', 'INTF', 'HYMCW', 'GXAI']: subscription does not permit querying recent SIP data
ERROR:root:Error fetching data for ['MNTSW', 'LEDS', 'ZKH', 'YCL', 'XISE', 'WLACU', 'UNMA', 'TCAF', 'KOCT', 'OVT', 'ITDE', 'IZTC', 'FCOR', 'ECDA', 'CPAC', 'CLOB', 'PMO', 'INTF', 'HYMCW', 'GXAI']: subscription does not permit querying recent SIP data
ERROR:root:Error fetching data for ['MNTSW', 'LEDS', 'ZKH', 'YCL', 'XISE', 'WLACU', 'UNMA', 'TCAF', 'KOCT', 'OVT', 'ITDE', 'IZTC', 'FCOR', 'ECDA', 'CPAC', 'CLOB', 'PMO', 'INTF', 'HYMCW', 'GXAI']: subscription does not permit querying recent SIP data
ERROR:root:Error fetching data for ['GRI', 'FLYD', 'IPDP', 'IWX', 'DXR', 'DBEU', 'CTEX', 'CBLL', 'BRN', 'BLRX', 'APRW', 'APRT', 'APRP', 'CNBS', 'CMSC', 'VXZ', 'QPFF', 'ESG', 'RVER', 'AGNCM']: subscription does not permit querying recent SIP data
ERROR:root:Error fetching data for ['GRI', 'FLYD', 'IPDP', 'IWX', 'DXR', 'DBEU', 'CTEX', 'CBLL', 'BRN', 'BLRX', 'APRW', 'APRT', 'APRP', 'CNBS', 'CMSC', 'VXZ', 'QPFF', 'ESG', 'RVER', 'AGNCM']: subscription does not permit querying recent SIP data
ERROR:root:Error fetching data for ['GRI', 'FLYD', 'IPDP', 'IWX', 'DXR', 'DBEU', 'CTEX', 'CBLL', 'BRN', 'BLRX', 'APRW', 'APRT', 'APRP', 'CNBS', 'CMSC', 'VXZ', 'QPFF', 'ESG', 'RVER', 'AGNCM']: subscription does not permit querying recent SIP data
ERROR:root:Error fetching data for ['CLRCU', 'FMX', 'IGD', 'FGB', 'ARBE', 'NECB', 'NBIS', 'IFN', 'HUMA', 'GLDD', 'FTHM', 'FSFG', 'DHIL', 'CFFI', 'WLAC', 'SQLV', 'MYTE', 'HRTX', 'DRLL', 'NEUP']: subscription does not permit querying recent SIP data
ERROR:root:Error fetching data for ['CLRCU', 'FMX', 'IGD', 'FGB', 'ARBE', 'NECB', 'NBIS', 'IFN', 'HUMA', 'GLDD', 'FTHM', 'FSFG', 'DHIL', 'CFFI', 'WLAC', 'SQLV', 'MYTE', 'HRTX', 'DRLL', 'NEUP']: subscription does not permit querying recent SIP data
ERROR:root:Error fetching data for ['CLRCU', 'FMX', 'IGD', 'FGB', 'ARBE', 'NECB', 'NBIS', 'IFN', 'HUMA', 'GLDD', 'FTHM', 'FSFG', 'DHIL', 'CFFI', 'WLAC', 'SQLV', 'MYTE', 'HRTX', 'DRLL', 'NEUP']: subscription does not permit querying recent SIP data
ERROR:root:Error fetching data for ['EBR', 'WLACW', 'RAPT', 'QQQY', 'QQQX', 'NTWK', 'MAGX', 'VMCAU', 'PLBC', 'NCZ', 'MNTSW', 'LEDS', 'ZKH', 'WLACU', 'UNMA', 'IZTC', 'ECDA', 'CPAC', 'PMO', 'HYMCW']: subscription does not permit querying recent SIP data
ERROR:root:Error fetching data for ['EBR', 'WLACW', 'RAPT', 'QQQY', 'QQQX', 'NTWK', 'MAGX', 'VMCAU', 'PLBC', 'NCZ', 'MNTSW', 'LEDS', 'ZKH', 'WLACU', 'UNMA', 'IZTC', 'ECDA', 'CPAC', 'PMO', 'HYMCW']: subscription does not permit querying recent SIP data
ERROR:root:Error fetching data for ['EBR', 'WLACW', 'RAPT', 'QQQY', 'QQQX', 'NTWK', 'MAGX', 'VMCAU', 'PLBC', 'NCZ', 'MNTSW', 'LEDS', 'ZKH', 'WLACU', 'UNMA', 'IZTC', 'ECDA', 'CPAC', 'PMO', 'HYMCW']: subscription does not permit querying recent SIP data
ERROR:root:Error fetching data for ['GXAI', 'GRI', 'DXR', 'CBLL', 'BLRX', 'CMSC', 'AGNCM', 'SAY', 'OVLY', 'LXFR', 'WDH', 'WCT', 'VIVK', 'VIRX', 'TSL', 'TSI', 'TSDD', 'TSBX', 'RSLS', 'RLYB']: subscription does not permit querying recent SIP data
ERROR:root:Error fetching data for ['GXAI', 'GRI', 'DXR', 'CBLL', 'BLRX', 'CMSC', 'AGNCM', 'SAY', 'OVLY', 'LXFR', 'WDH', 'WCT', 'VIVK', 'VIRX', 'TSL', 'TSI', 'TSDD', 'TSBX', 'RSLS', 'RLYB']: subscription does not permit querying recent SIP data
ERROR:root:Error fetching data for ['GXAI', 'GRI', 'DXR', 'CBLL', 'BLRX', 'CMSC', 'AGNCM', 'SAY', 'OVLY', 'LXFR', 'WDH', 'WCT', 'VIVK', 'VIRX', 'TSL', 'TSI', 'TSDD', 'TSBX', 'RSLS', 'RLYB']: subscription does not permit querying recent SIP data
ERROR:root:Error fetching data for ['RKDA', 'OTRK', 'OTLY', 'OTLK', 'NSYS', 'NEGG', 'NEA', 'MSAI', 'KTTAW', 'KTTA', 'KTN', 'KTH', 'KMPB', 'KMDA', 'IPXXW', 'IPXXU', 'IPXX', 'ICON', 'ICMB', 'ICL']: subscription does not permit querying recent SIP data
ERROR:root:Error fetching data for ['RKDA', 'OTRK', 'OTLY', 'OTLK', 'NSYS', 'NEGG', 'NEA', 'MSAI', 'KTTAW', 'KTTA', 'KTN', 'KTH', 'KMPB', 'KMDA', 'IPXXW', 'IPXXU', 'IPXX', 'ICON', 'ICMB', 'ICL']: subscription does not permit querying recent SIP data
ERROR:root:Error fetching data for ['CLRCU', 'FMX', 'IGD', 'FGB', 'ARBE', 'NECB', 'NBIS', 'IFN', 'HUMA', 'GLDD', 'FTHM', 'FSFG', 'DHIL', 'CFFI', 'WLAC', 'SQLV', 'MYTE', 'HRTX', 'DRLL', 'NEUP']: subscription does not permit querying recent SIP data
ERROR:root:Error fetching data for ['CLRCU', 'FMX', 'IGD', 'FGB', 'ARBE', 'NECB', 'NBIS', 'IFN', 'HUMA', 'GLDD', 'FTHM', 'FSFG', 'DHIL', 'CFFI', 'WLAC', 'SQLV', 'MYTE', 'HRTX', 'DRLL', 'NEUP']: subscription does not permit querying recent SIP data
ERROR:root:Error fetching data for ['CLRCU', 'FMX', 'IGD', 'FGB', 'ARBE', 'NECB', 'NBIS', 'IFN', 'HUMA', 'GLDD', 'FTHM', 'FSFG', 'DHIL', 'CFFI', 'WLAC', 'SQLV', 'MYTE', 'HRTX', 'DRLL', 'NEUP']: subscription does not permit querying recent SIP data
ERROR:root:Error fetching data for ['EBR', 'WLACW', 'RAPT', 'QQQY', 'QQQX', 'NTWK', 'MAGX', 'VMCAU', 'PLBC', 'NCZ', 'MNTSW', 'LEDS', 'ZKH', 'WLACU', 'UNMA', 'IZTC', 'ECDA', 'CPAC', 'PMO', 'HYMCW']: subscription does not permit querying recent SIP data
ERROR:root:Error fetching data for ['EBR', 'WLACW', 'RAPT', 'QQQY', 'QQQX', 'NTWK', 'MAGX', 'VMCAU', 'PLBC', 'NCZ', 'MNTSW', 'LEDS', 'ZKH', 'WLACU', 'UNMA', 'IZTC', 'ECDA', 'CPAC', 'PMO', 'HYMCW']: subscription does not permit querying recent SIP data
ERROR:root:Error fetching data for ['EBR', 'WLACW', 'RAPT', 'QQQY', 'QQQX', 'NTWK', 'MAGX', 'VMCAU', 'PLBC', 'NCZ', 'MNTSW', 'LEDS', 'ZKH', 'WLACU', 'UNMA', 'IZTC', 'ECDA', 'CPAC', 'PMO', 'HYMCW']: subscription does not permit querying recent SIP data
ERROR:root:Error fetching data for ['GXAI', 'GRI', 'DXR', 'CBLL', 'BLRX', 'CMSC', 'AGNCM', 'SAY', 'OVLY', 'LXFR', 'WDH', 'WCT', 'VIVK', 'VIRX', 'TSL', 'TSI', 'TSDD', 'TSBX', 'RSLS', 'RLYB']: subscription does not permit querying recent SIP data
ERROR:root:Error fetching data for ['GXAI', 'GRI', 'DXR', 'CBLL', 'BLRX', 'CMSC', 'AGNCM', 'SAY', 'OVLY', 'LXFR', 'WDH', 'WCT', 'VIVK', 'VIRX', 'TSL', 'TSI', 'TSDD', 'TSBX', 'RSLS', 'RLYB']: subscription does not permit querying recent SIP data
ERROR:root:Error fetching data for ['GXAI', 'GRI', 'DXR', 'CBLL', 'BLRX', 'CMSC', 'AGNCM', 'SAY', 'OVLY', 'LXFR', 'WDH', 'WCT', 'VIVK', 'VIRX', 'TSL', 'TSI', 'TSDD', 'TSBX', 'RSLS', 'RLYB']: subscription does not permit querying recent SIP data
ERROR:root:Error fetching data for ['RKDA', 'OTRK', 'OTLY', 'OTLK', 'NSYS', 'NEGG', 'NEA', 'MSAI', 'KTTAW', 'KTTA', 'KTN', 'KTH', 'KMPB', 'KMDA', 'IPXXW', 'IPXXU', 'IPXX', 'ICON', 'ICMB', 'ICL']: subscription does not permit querying recent SIP data
ERROR:root:Error fetching data for ['CLRCU', 'FMX', 'IGD', 'FGB', 'ARBE', 'NECB', 'NBIS', 'IFN', 'HUMA', 'GLDD', 'FTHM', 'FSFG', 'DHIL', 'CFFI', 'WLAC', 'HRTX', 'NEUP', 'RAPT', 'QQQX', 'NTWK']: subscription does not permit querying recent SIP data
ERROR:root:Error fetching data for ['CLRCU', 'FMX', 'IGD', 'FGB', 'ARBE', 'NECB', 'NBIS', 'IFN', 'HUMA', 'GLDD', 'FTHM', 'FSFG', 'DHIL', 'CFFI', 'WLAC', 'HRTX', 'NEUP', 'RAPT', 'QQQX', 'NTWK']: subscription does not permit querying recent SIP data
ERROR:root:Error fetching data for ['CLRCU', 'FMX', 'IGD', 'FGB', 'ARBE', 'NECB', 'NBIS', 'IFN', 'HUMA', 'GLDD', 'FTHM', 'FSFG', 'DHIL', 'CFFI', 'WLAC', 'HRTX', 'NEUP', 'RAPT', 'QQQX', 'NTWK']: subscription does not permit querying recent SIP data
ERROR:root:Error fetching data for ['VMCAU', 'PLBC', 'NCZ', 'LEDS', 'WLACU', 'IZTC', 'ECDA', 'CPAC', 'PMO', 'GXAI', 'GRI', 'DXR', 'CBLL', 'OVLY', 'LXFR', 'WCT', 'VIVK', 'VIRX', 'TSI', 'TSBX']: subscription does not permit querying recent SIP data
ERROR:root:Error fetching data for ['VMCAU', 'PLBC', 'NCZ', 'LEDS', 'WLACU', 'IZTC', 'ECDA', 'CPAC', 'PMO', 'GXAI', 'GRI', 'DXR', 'CBLL', 'OVLY', 'LXFR', 'WCT', 'VIVK', 'VIRX', 'TSI', 'TSBX']: subscription does not permit querying recent SIP data
ERROR:root:Error fetching data for ['VMCAU', 'PLBC', 'NCZ', 'LEDS', 'WLACU', 'IZTC', 'ECDA', 'CPAC', 'PMO', 'GXAI', 'GRI', 'DXR', 'CBLL', 'OVLY', 'LXFR', 'WCT', 'VIVK', 'VIRX', 'TSI', 'TSBX']: subscription does not permit querying recent SIP data
ERROR:root:Error fetching data for ['RSLS', 'RLYB', 'RKDA', 'OTRK', 'OTLK', 'NSYS', 'NEGG', 'NEA', 'MSAI', 'KTTA', 'KTN', 'KTH', 'KMPB', 'KMDA', 'IPXXU', 'IPXX', 'ICON', 'ICMB', 'ICL', 'HEQ']: subscription does not permit querying recent SIP data
ERROR:root:Error fetching data for ['RSLS', 'RLYB', 'RKDA', 'OTRK', 'OTLK', 'NSYS', 'NEGG', 'NEA', 'MSAI', 'KTTA', 'KTN', 'KTH', 'KMPB', 'KMDA', 'IPXXU', 'IPXX', 'ICON', 'ICMB', 'ICL', 'HEQ']: subscription does not permit querying recent SIP data
ERROR:root:Error fetching data for ['RSLS', 'RLYB', 'RKDA', 'OTRK', 'OTLK', 'NSYS', 'NEGG', 'NEA', 'MSAI', 'KTTA', 'KTN', 'KTH', 'KMPB', 'KMDA', 'IPXXU', 'IPXX', 'ICON', 'ICMB', 'ICL', 'HEQ']: subscription does not permit querying recent SIP data
ERROR:root:Error fetching data for ['FLNT', 'DRRX', 'DRMA', 'CODX', 'COCP', 'BUJAR', 'BTOC', 'BTM', 'AFJKR', 'BNY', 'KREF', 'AZI', 'AZ', 'AYTU', 'ATLN', 'ANY', 'ANVS', 'AMIX', 'APRE', 'HITI']: subscription does not permit querying recent SIP data
ERROR:root:Error fetching data for ['FLNT', 'DRRX', 'DRMA', 'CODX', 'COCP', 'BUJAR', 'BTOC', 'BTM', 'AFJKR', 'BNY', 'KREF', 'AZI', 'AZ', 'AYTU', 'ATLN', 'ANY', 'ANVS', 'AMIX', 'APRE', 'HITI']: subscription does not permit querying recent SIP data
ERROR:root:Error fetching data for ['FLNT', 'DRRX', 'DRMA', 'CODX', 'COCP', 'BUJAR', 'BTOC', 'BTM', 'AFJKR', 'BNY', 'KREF', 'AZI', 'AZ', 'AYTU', 'ATLN', 'ANY', 'ANVS', 'AMIX', 'APRE', 'HITI']: subscription does not permit querying recent SIP data
ERROR:root:Error fetching data for ['AUNA', 'CUB', 'CTRI', 'USIO', 'LIXT', 'BOLT', 'ATGL', 'PSIX', 'DSX', 'SPHAU', 'NKX', 'NAZ', 'APM', 'ITIC', 'IRMD', 'VRCA', 'VRAX', 'VBF', 'SLVO', 'TRUG']: subscription does not permit querying recent SIP data
ERROR:root:Error fetching data for ['AUNA', 'CUB', 'CTRI', 'USIO', 'LIXT', 'BOLT', 'ATGL', 'PSIX', 'DSX', 'SPHAU', 'NKX', 'NAZ', 'APM', 'ITIC', 'IRMD', 'VRCA', 'VRAX', 'VBF', 'SLVO', 'TRUG']: subscription does not permit querying recent SIP data
ERROR:root:Error fetching data for ['MXF', 'SPPL', 'ZENA', 'FMST', 'GAUZ', 'EURKR', 'FINW', 'IPW', 'SOR', 'NTZ', 'DEVS', 'CCRD', 'LAES', 'NEOV', 'NXGL', 'ACOG', 'ACON', 'ACTU', 'ACXP', 'ADD']: subscription does not permit querying recent SIP data
ERROR:root:Error fetching data for ['MXF', 'SPPL', 'ZENA', 'FMST', 'GAUZ', 'EURKR', 'FINW', 'IPW', 'SOR', 'NTZ', 'DEVS', 'CCRD', 'LAES', 'NEOV', 'NXGL', 'ACOG', 'ACON', 'ACTU', 'ACXP', 'ADD']: subscription does not permit querying recent SIP data
ERROR:root:Error fetching data for ['MXF', 'SPPL', 'ZENA', 'FMST', 'GAUZ', 'EURKR', 'FINW', 'IPW', 'SOR', 'NTZ', 'DEVS', 'CCRD', 'LAES', 'NEOV', 'NXGL', 'ACOG', 'ACON', 'ACTU', 'ACXP', 'ADD']: subscription does not permit querying recent SIP data
ERROR:root:Error fetching data for ['APTO', 'APVO', 'CLRCR', 'APWC', 'SPLP', 'AQU', 'ARBB', 'BHK', 'AXR', 'ARDC', 'AREB', 'AREC', 'ARTL', 'ARTV', 'KIO', 'ASNS', 'ASPI', 'ASRT', 'ASRV', 'ASST']: subscription does not permit querying recent SIP data
ERROR:root:Error fetching data for ['APTO', 'APVO', 'CLRCR', 'APWC', 'SPLP', 'AQU', 'ARBB', 'BHK', 'AXR', 'ARDC', 'AREB', 'AREC', 'ARTL', 'ARTV', 'KIO', 'ASNS', 'ASPI', 'ASRT', 'ASRV', 'ASST']: subscription does not permit querying recent SIP data
ERROR:root:Error fetching data for ['APTO', 'APVO', 'CLRCR', 'APWC', 'SPLP', 'AQU', 'ARBB', 'BHK', 'AXR', 'ARDC', 'AREB', 'AREC', 'ARTL', 'ARTV', 'KIO', 'ASNS', 'ASPI', 'ASRT', 'ASRV', 'ASST']: subscription does not permit querying recent SIP data
ERROR:root:Error fetching data for ['ASTI', 'ATAI', 'ATHA', 'ATHS', 'ATMC', 'ATMCR', 'ATMV', 'ATNF', 'ATOS', 'AUUD', 'AVAL', 'AVGR', 'AVTX', 'AWF', 'AWH', 'AXDX', 'AYRO', 'BACQ', 'BACQR', 'BAER']: subscription does not permit querying recent SIP data
ERROR:root:Error fetching data for ['ASTI', 'ATAI', 'ATHA', 'ATHS', 'ATMC', 'ATMCR', 'ATMV', 'ATNF', 'ATOS', 'AUUD', 'AVAL', 'AVGR', 'AVTX', 'AWF', 'AWH', 'AXDX', 'AYRO', 'BACQ', 'BACQR', 'BAER']: subscription does not permit querying recent SIP data
ERROR:root:Error fetching data for ['ASTI', 'ATAI', 'ATHA', 'ATHS', 'ATMC', 'ATMCR', 'ATMV', 'ATNF', 'ATOS', 'AUUD', 'AVAL', 'AVGR', 'AVTX', 'AWF', 'AWH', 'AXDX', 'AYRO', 'BACQ', 'BACQR', 'BAER']: subscription does not permit querying recent SIP data
ERROR:root:Error fetching data for ['AIMBU', 'BAOS', 'BAYA', 'BAYAR', 'BBAI', 'BBGI', 'HUDAR', 'BBLG', 'CURR', 'IBACR', 'BCAB', 'BCAN', 'BCDA', 'BCG', 'BCLI', 'BCML', 'BCTX', 'BCX', 'GAM', 'BDMD']: subscription does not permit querying recent SIP data
ERROR:root:Error fetching data for ['AIMBU', 'BAOS', 'BAYA', 'BAYAR', 'BBAI', 'BBGI', 'HUDAR', 'BBLG', 'CURR', 'IBACR', 'BCAB', 'BCAN', 'BCDA', 'BCG', 'BCLI', 'BCML', 'BCTX', 'BCX', 'GAM', 'BDMD']: subscription does not permit querying recent SIP data
ERROR:root:Error fetching data for ['AIMBU', 'BAOS', 'BAYA', 'BAYAR', 'BBAI', 'BBGI', 'HUDAR', 'BBLG', 'CURR', 'IBACR', 'BCAB', 'BCAN', 'BCDA', 'BCG', 'BCLI', 'BCML', 'BCTX', 'BCX', 'GAM', 'BDMD']: subscription does not permit querying recent SIP data
ERROR:root:Error fetching data for ['BEAG', 'BEAGR', 'BEAT', 'ARQQ', 'BEEM', 'BELFA', 'BENF', 'BFIN', 'BFRG', 'BFRI', 'BGLC', 'BGM', 'ATLX', 'BHST', 'BIAF', 'ABTS', 'ABVC', 'ACB', 'ACDC', 'ACET']: subscription does not permit querying recent SIP data
ERROR:root:Error fetching data for ['OABIW', 'MXF', 'SPPL', 'HGLB', 'ZENA', 'FMST', 'SPKLW', 'WEA', 'GAUZ', 'BNZIW', 'CUBWW', 'EURKR', 'GIGGU', 'EVF', 'EURKU', 'FINW', 'GRW', 'IPW', 'SOR', 'NTZ']: subscription does not permit querying recent SIP data
ERROR:root:Error fetching data for ['OABIW', 'MXF', 'SPPL', 'HGLB', 'ZENA', 'FMST', 'SPKLW', 'WEA', 'GAUZ', 'BNZIW', 'CUBWW', 'EURKR', 'GIGGU', 'EVF', 'EURKU', 'FINW', 'GRW', 'IPW', 'SOR', 'NTZ']: subscription does not permit querying recent SIP data
ERROR:root:Error fetching data for ['OABIW', 'MXF', 'SPPL', 'HGLB', 'ZENA', 'FMST', 'SPKLW', 'WEA', 'GAUZ', 'BNZIW', 'CUBWW', 'EURKR', 'GIGGU', 'EVF', 'EURKU', 'FINW', 'GRW', 'IPW', 'SOR', 'NTZ']: subscription does not permit querying recent SIP data
ERROR:root:Error fetching data for ['SDSTW', 'GODNU', 'DEVS', 'SEATW', 'CCRD', 'AAXJ', 'ABCS', 'IGCB', 'LAES', 'NEOV', 'NXGL', 'ACOG', 'ACON', 'ACTU', 'ACV', 'ACWX', 'ACXP', 'ADAG', 'ADD', 'APTO']: subscription does not permit querying recent SIP data
ERROR:root:Error fetching data for ['SDSTW', 'GODNU', 'DEVS', 'SEATW', 'CCRD', 'AAXJ', 'ABCS', 'IGCB', 'LAES', 'NEOV', 'NXGL', 'ACOG', 'ACON', 'ACTU', 'ACV', 'ACWX', 'ACXP', 'ADAG', 'ADD', 'APTO']: subscription does not permit querying recent SIP data
ERROR:root:Error fetching data for ['SDSTW', 'GODNU', 'DEVS', 'SEATW', 'CCRD', 'AAXJ', 'ABCS', 'IGCB', 'LAES', 'NEOV', 'NXGL', 'ACOG', 'ACON', 'ACTU', 'ACV', 'ACWX', 'ACXP', 'ADAG', 'ADD', 'APTO']: subscription does not permit querying recent SIP data
ERROR:root:Error fetching data for ['APVO', 'CLRCR', 'VKQ', 'APWC', 'AQNB', 'SPLP', 'ABLLL', 'ABLLW', 'AQU', 'AQUNR', 'AQUNU', 'AQWA', 'ARBB', 'ARBEW', 'ARBK', 'ARBKL', 'BHK', 'AXR', 'ARDC', 'AREB']: subscription does not permit querying recent SIP data
ERROR:root:Error fetching data for ['APVO', 'CLRCR', 'VKQ', 'APWC', 'AQNB', 'SPLP', 'ABLLL', 'ABLLW', 'AQU', 'AQUNR', 'AQUNU', 'AQWA', 'ARBB', 'ARBEW', 'ARBK', 'ARBKL', 'BHK', 'AXR', 'ARDC', 'AREB']: subscription does not permit querying recent SIP data
ERROR:root:Error fetching data for ['APVO', 'CLRCR', 'VKQ', 'APWC', 'AQNB', 'SPLP', 'ABLLL', 'ABLLW', 'AQU', 'AQUNR', 'AQUNU', 'AQWA', 'ARBB', 'ARBEW', 'ARBK', 'ARBKL', 'BHK', 'AXR', 'ARDC', 'AREB']: subscription does not permit querying recent SIP data
ERROR:root:Error fetching data for ['AREC', 'ARGD', 'ARLP', 'ARQQW', 'ARTL', 'ARTV', 'ARVR', 'DYNXW', 'KIO', 'ASAI', 'ASGI', 'ASNS', 'ASPCU', 'ASPI', 'ASRT', 'ASRV', 'ASST', 'ADSEW', 'ASTI', 'ASTLW']: subscription does not permit querying recent SIP data
ERROR:root:Error fetching data for ['AREC', 'ARGD', 'ARLP', 'ARQQW', 'ARTL', 'ARTV', 'ARVR', 'DYNXW', 'KIO', 'ASAI', 'ASGI', 'ASNS', 'ASPCU', 'ASPI', 'ASRT', 'ASRV', 'ASST', 'ADSEW', 'ASTI', 'ASTLW']: subscription does not permit querying recent SIP data
ERROR:root:Error fetching data for ['AREC', 'ARGD', 'ARLP', 'ARQQW', 'ARTL', 'ARTV', 'ARVR', 'DYNXW', 'KIO', 'ASAI', 'ASGI', 'ASNS', 'ASPCU', 'ASPI', 'ASRT', 'ASRV', 'ASST', 'ADSEW', 'ASTI', 'ASTLW']: subscription does not permit querying recent SIP data
ERROR:root:Error fetching data for ['OABIW', 'MXF', 'SPPL', 'HGLB', 'ZENA', 'FMST', 'SPKLW', 'WEA', 'GAUZ', 'BNZIW', 'CUBWW', 'EURKR', 'GIGGU', 'EVF', 'EURKU', 'FINW', 'GRW', 'IPW', 'SOR', 'NTZ']: subscription does not permit querying recent SIP data
ERROR:root:Error fetching data for ['OABIW', 'MXF', 'SPPL', 'HGLB', 'ZENA', 'FMST', 'SPKLW', 'WEA', 'GAUZ', 'BNZIW', 'CUBWW', 'EURKR', 'GIGGU', 'EVF', 'EURKU', 'FINW', 'GRW', 'IPW', 'SOR', 'NTZ']: subscription does not permit querying recent SIP data
ERROR:root:Error fetching data for ['OABIW', 'MXF', 'SPPL', 'HGLB', 'ZENA', 'FMST', 'SPKLW', 'WEA', 'GAUZ', 'BNZIW', 'CUBWW', 'EURKR', 'GIGGU', 'EVF', 'EURKU', 'FINW', 'GRW', 'IPW', 'SOR', 'NTZ']: subscription does not permit querying recent SIP data
ERROR:root:Error fetching data for ['SDSTW', 'GODNU', 'DEVS', 'SEATW', 'CCRD', 'AAXJ', 'ABCS', 'IGCB', 'LAES', 'NEOV', 'NXGL', 'ACOG', 'ACON', 'ACTU', 'ACV', 'ACWX', 'ACXP', 'ADAG', 'ADD', 'APTO']: subscription does not permit querying recent SIP data
ERROR:root:Error fetching data for ['SDSTW', 'GODNU', 'DEVS', 'SEATW', 'CCRD', 'AAXJ', 'ABCS', 'IGCB', 'LAES', 'NEOV', 'NXGL', 'ACOG', 'ACON', 'ACTU', 'ACV', 'ACWX', 'ACXP', 'ADAG', 'ADD', 'APTO']: subscription does not permit querying recent SIP data
ERROR:root:Error fetching data for ['SDSTW', 'GODNU', 'DEVS', 'SEATW', 'CCRD', 'AAXJ', 'ABCS', 'IGCB', 'LAES', 'NEOV', 'NXGL', 'ACOG', 'ACON', 'ACTU', 'ACV', 'ACWX', 'ACXP', 'ADAG', 'ADD', 'APTO']: subscription does not permit querying recent SIP data
ERROR:root:Error fetching data for ['APVO', 'CLRCR', 'VKQ', 'APWC', 'AQNB', 'SPLP', 'ABLLL', 'ABLLW', 'AQU', 'AQUNR', 'AQUNU', 'AQWA', 'ARBB', 'ARBEW', 'ARBK', 'ARBKL', 'BHK', 'AXR', 'ARDC', 'AREB']: subscription does not permit querying recent SIP data
ERROR:root:Error fetching data for ['APVO', 'CLRCR', 'VKQ', 'APWC', 'AQNB', 'SPLP', 'ABLLL', 'ABLLW', 'AQU', 'AQUNR', 'AQUNU', 'AQWA', 'ARBB', 'ARBEW', 'ARBK', 'ARBKL', 'BHK', 'AXR', 'ARDC', 'AREB']: subscription does not permit querying recent SIP data
ERROR:root:Error fetching data for ['APVO', 'CLRCR', 'VKQ', 'APWC', 'AQNB', 'SPLP', 'ABLLL', 'ABLLW', 'AQU', 'AQUNR', 'AQUNU', 'AQWA', 'ARBB', 'ARBEW', 'ARBK', 'ARBKL', 'BHK', 'AXR', 'ARDC', 'AREB']: subscription does not permit querying recent SIP data
ERROR:root:Error fetching data for ['AREC', 'ARGD', 'ARLP', 'ARQQW', 'ARTL', 'ARTV', 'ARVR', 'DYNXW', 'KIO', 'ASAI', 'ASGI', 'ASNS', 'ASPCU', 'ASPI', 'ASRT', 'ASRV', 'ASST', 'ADSEW', 'ASTI', 'ASTLW']: subscription does not permit querying recent SIP data
ERROR:root:Error fetching data for ['AREC', 'ARGD', 'ARLP', 'ARQQW', 'ARTL', 'ARTV', 'ARVR', 'DYNXW', 'KIO', 'ASAI', 'ASGI', 'ASNS', 'ASPCU', 'ASPI', 'ASRT', 'ASRV', 'ASST', 'ADSEW', 'ASTI', 'ASTLW']: subscription does not permit querying recent SIP data
ERROR:root:Error fetching data for ['AREC', 'ARGD', 'ARLP', 'ARQQW', 'ARTL', 'ARTV', 'ARVR', 'DYNXW', 'KIO', 'ASAI', 'ASGI', 'ASNS', 'ASPCU', 'ASPI', 'ASRT', 'ASRV', 'ASST', 'ADSEW', 'ASTI', 'ASTLW']: subscription does not permit querying recent SIP data
ERROR:root:Error fetching data for ['ATAI', 'ATCOL', 'ATHA', 'ATHE', 'ATHS', 'ATLCL', 'ATMC', 'ATMCR', 'ATMCW', 'ATMV', 'ATNF', 'ATNFW', 'ATOS', 'AUMI', 'AUUD', 'AVAL', 'AVGR', 'AVGX', 'AVK', 'AVL']: subscription does not permit querying recent SIP data
ERROR:root:Error fetching data for ['ATAI', 'ATCOL', 'ATHA', 'ATHE', 'ATHS', 'ATLCL', 'ATMC', 'ATMCR', 'ATMCW', 'ATMV', 'ATNF', 'ATNFW', 'ATOS', 'AUMI', 'AUUD', 'AVAL', 'AVGR', 'AVGX', 'AVK', 'AVL']: subscription does not permit querying recent SIP data
ERROR:root:Error fetching data for ['ATAI', 'ATCOL', 'ATHA', 'ATHE', 'ATHS', 'ATLCL', 'ATMC', 'ATMCR', 'ATMCW', 'ATMV', 'ATNF', 'ATNFW', 'ATOS', 'AUMI', 'AUUD', 'AVAL', 'AVGR', 'AVGX', 'AVK', 'AVL']: subscription does not permit querying recent SIP data
ERROR:root:Error fetching data for ['AVPTW', 'AVTX', 'AVXC', 'AWF', 'AWH', 'AXDX', 'AYRO', 'AZUL', 'BABX', 'BACQ', 'BACQR', 'BACQU', 'BAER', 'BAERW', 'BAFE', 'AIMBU', 'BANFP', 'BAOS', 'ABLVW', 'BAYA']: subscription does not permit querying recent SIP data
ERROR:root:Error fetching data for ['AVPTW', 'AVTX', 'AVXC', 'AWF', 'AWH', 'AXDX', 'AYRO', 'AZUL', 'BABX', 'BACQ', 'BACQR', 'BACQU', 'BAER', 'BAERW', 'BAFE', 'AIMBU', 'BANFP', 'BAOS', 'ABLVW', 'BAYA']: subscription does not permit querying recent SIP data
ERROR:root:Error fetching data for OABIW: subscription does not permit querying recent SIP data
ERROR:root:Error fetching data for OABIW: subscription does not permit querying recent SIP data
ERROR:root:Error fetching data for OABIW: subscription does not permit querying recent SIP data
ERROR:root:Skipping OABIW after 3 retries.
ERROR:root:Error fetching data for MXF: subscription does not permit querying recent SIP data
ERROR:root:Error fetching data for MXF: subscription does not permit querying recent SIP data
ERROR:root:Error fetching data for MXF: subscription does not permit querying recent SIP data
ERROR:root:Skipping MXF after 3 retries.
ERROR:root:Error fetching data for SPPL: subscription does not permit querying recent SIP data
ERROR:root:Error fetching data for SPPL: subscription does not permit querying recent SIP data
ERROR:root:Error fetching data for SPPL: subscription does not permit querying recent SIP data
ERROR:root:Skipping SPPL after 3 retries.
ERROR:root:Error fetching data for HGLB: subscription does not permit querying recent SIP data
ERROR:root:Error fetching data for HGLB: subscription does not permit querying recent SIP data
ERROR:root:Error fetching data for HGLB: subscription does not permit querying recent SIP data
ERROR:root:Skipping HGLB after 3 retries.
ERROR:root:Error fetching data for ZENA: subscription does not permit querying recent SIP data
ERROR:root:Error fetching data for OABIW: 'Timestamp' object has no attribute 'split'
ERROR:root:Error fetching data for OABIW: 'Timestamp' object has no attribute 'split'
ERROR:root:Error fetching data for OABIW: 'Timestamp' object has no attribute 'split'
ERROR:root:Skipping OABIW after 3 retries.
ERROR:root:Error fetching data for OABIW: 'Timestamp' object has no attribute 'split'
ERROR:root:Error fetching data for OABIW: 'Timestamp' object has no attribute 'split'
ERROR:root:Error fetching data for OABIW: 'Timestamp' object has no attribute 'split'
ERROR:root:Skipping OABIW after 3 retries.
ERROR:root:Error fetching data for MXF: 'Timestamp' object has no attribute 'split'
ERROR:root:Error fetching data for ['CLRCU', 'FMX', 'IGD', 'FGB', 'ARBE', 'NECB', 'NBIS', 'IFN', 'HUMA', 'GLDD', 'FTHM', 'FSFG', 'DHIL', 'CFFI', 'SUZ', 'WLAC', 'SQLV', 'TOUR', 'HRTX', 'DRLL', 'NEUP', 'EBR', 'UMC', 'UTWO', 'WLACW', 'RAPT', 'QQQY', 'QQQX', 'VOXR', 'NTWK', 'MAGX', 'VMCAU', 'PLBC', 'NCZ', 'MNTSW', 'LEDS', 'ZKH', 'WLACU', 'UNMA', 'IZTC', 'ECDA', 'CPAC', 'VYGR', 'HYMCW', 'GXAI', 'GRI', 'DXR', 'CBLL', 'BLRX', 'CMSC']: 'Bar' object has no attribute 'symbol'
ERROR:root:Error fetching data for ['CLRCU', 'FMX', 'IGD', 'FGB', 'ARBE', 'NECB', 'NBIS', 'IFN', 'HUMA', 'GLDD', 'FTHM', 'FSFG', 'DHIL', 'CFFI', 'SUZ', 'WLAC', 'SQLV', 'TOUR', 'HRTX', 'DRLL', 'NEUP', 'EBR', 'UMC', 'UTWO', 'WLACW', 'RAPT', 'QQQY', 'QQQX', 'VOXR', 'NTWK', 'MAGX', 'VMCAU', 'PLBC', 'NCZ', 'MNTSW', 'LEDS', 'ZKH', 'WLACU', 'UNMA', 'IZTC', 'ECDA', 'CPAC', 'VYGR', 'HYMCW', 'GXAI', 'GRI', 'DXR', 'CBLL', 'BLRX', 'CMSC']: 'Bar' object has no attribute 'symbol'
ERROR:root:Error fetching data for ['CLRCU', 'FMX', 'IGD', 'FGB', 'ARBE', 'NECB', 'NBIS', 'IFN', 'HUMA', 'GLDD', 'FTHM', 'FSFG', 'DHIL', 'CFFI', 'SUZ', 'WLAC', 'SQLV', 'TOUR', 'HRTX', 'DRLL', 'NEUP', 'EBR', 'UMC', 'UTWO', 'WLACW', 'RAPT', 'QQQY', 'QQQX', 'VOXR', 'NTWK', 'MAGX', 'VMCAU', 'PLBC', 'NCZ', 'MNTSW', 'LEDS', 'ZKH', 'WLACU', 'UNMA', 'IZTC', 'ECDA', 'CPAC', 'VYGR', 'HYMCW', 'GXAI', 'GRI', 'DXR', 'CBLL', 'BLRX', 'CMSC']: 'Bar' object has no attribute 'symbol'
ERROR:root:Error fetching data for ['AGNCM', 'SAY', 'OVLY', 'LXFR', 'WDH', 'WCT', 'VIVK', 'VIRX', 'TSL', 'TSI', 'TSDD', 'TSBX', 'RSLS', 'RLYB', 'RKDA', 'OTRK', 'OTLY', 'OTLK', 'NSYS', 'NEGG', 'NEA', 'MSAI', 'KTTAW', 'KTTA', 'KTN', 'KTH', 'KMPB', 'KMDA', 'IPXXW', 'IPXXU', 'IPXX', 'ICON', 'ICMB', 'ICL', 'HEQ', 'FLNT', 'DRRX', 'DRMA', 'DRIV', 'CODX', 'COCP', 'COCHW', 'CHSCM', 'CHSCL', 'BUJAR', 'BTOC', 'BTM', 'BTGD', 'BTFX', 'BTF']: 'Bar' object has no attribute 'symbol'
ERROR:root:Error fetching data for ['AGNCM', 'SAY', 'OVLY', 'LXFR', 'WDH', 'WCT', 'VIVK', 'VIRX', 'TSL', 'TSI', 'TSDD', 'TSBX', 'RSLS', 'RLYB', 'RKDA', 'OTRK', 'OTLY', 'OTLK', 'NSYS', 'NEGG', 'NEA', 'MSAI', 'KTTAW', 'KTTA', 'KTN', 'KTH', 'KMPB', 'KMDA', 'IPXXW', 'IPXXU', 'IPXX', 'ICON', 'ICMB', 'ICL', 'HEQ', 'FLNT', 'DRRX', 'DRMA', 'DRIV', 'CODX', 'COCP', 'COCHW', 'CHSCM', 'CHSCL', 'BUJAR', 'BTOC', 'BTM', 'BTGD', 'BTFX', 'BTF']: 'Bar' object has no attribute 'symbol'
ERROR:root:Error fetching data for ['AGNCM', 'SAY', 'OVLY', 'LXFR', 'WDH', 'WCT', 'VIVK', 'VIRX', 'TSL', 'TSI', 'TSDD', 'TSBX', 'RSLS', 'RLYB', 'RKDA', 'OTRK', 'OTLY', 'OTLK', 'NSYS', 'NEGG', 'NEA', 'MSAI', 'KTTAW', 'KTTA', 'KTN', 'KTH', 'KMPB', 'KMDA', 'IPXXW', 'IPXXU', 'IPXX', 'ICON', 'ICMB', 'ICL', 'HEQ', 'FLNT', 'DRRX', 'DRMA', 'DRIV', 'CODX', 'COCP', 'COCHW', 'CHSCM', 'CHSCL', 'BUJAR', 'BTOC', 'BTM', 'BTGD', 'BTFX', 'BTF']: 'Bar' object has no attribute 'symbol'
ERROR:root:Error fetching data for ['AFJKR', 'BPYPP', 'BPYPO', 'BNY', 'BDRX', 'BDMDW', 'AZI', 'AZ', 'AYTU', 'AVS', 'ATLN', 'ATLCZ', 'ATLCP', 'ANY', 'ANVS', 'AMIX', 'APRE', 'HITI', 'TTEQ', 'SYTAW', 'AUNA', 'CUB', 'CTRI', 'ENGNW', 'USTB', 'USIO', 'STXG', 'STXE', 'STXD', 'LIXTW', 'LIXT', 'BOLT', 'ATGL', 'PSIX', 'DSX', 'TLX', 'SPHAU', 'PCTTW', 'OACCW', 'NKX', 'NAZ', 'MOLN', 'APM', 'ITIC', 'IRMD', 'WABF', 'VRCA', 'VRAX', 'VBF', 'APVO']: 'Bar' object has no attribute 'symbol'
ERROR:root:Error fetching data for ['AFJKR', 'BPYPP', 'BPYPO', 'BNY', 'BDRX', 'BDMDW', 'AZI', 'AZ', 'AYTU', 'AVS', 'ATLN', 'ATLCZ', 'ATLCP', 'ANY', 'ANVS', 'AMIX', 'APRE', 'HITI', 'TTEQ', 'SYTAW', 'AUNA', 'CUB', 'CTRI', 'ENGNW', 'USTB', 'USIO', 'STXG', 'STXE', 'STXD', 'LIXTW', 'LIXT', 'BOLT', 'ATGL', 'PSIX', 'DSX', 'TLX', 'SPHAU', 'PCTTW', 'OACCW', 'NKX', 'NAZ', 'MOLN', 'APM', 'ITIC', 'IRMD', 'WABF', 'VRCA', 'VRAX', 'VBF', 'APVO']: 'Bar' object has no attribute 'symbol'
ERROR:root:Error fetching data for ['AFJKR', 'BPYPP', 'BPYPO', 'BNY', 'BDRX', 'BDMDW', 'AZI', 'AZ', 'AYTU', 'AVS', 'ATLN', 'ATLCZ', 'ATLCP', 'ANY', 'ANVS', 'AMIX', 'APRE', 'HITI', 'TTEQ', 'SYTAW', 'AUNA', 'CUB', 'CTRI', 'ENGNW', 'USTB', 'USIO', 'STXG', 'STXE', 'STXD', 'LIXTW', 'LIXT', 'BOLT', 'ATGL', 'PSIX', 'DSX', 'TLX', 'SPHAU', 'PCTTW', 'OACCW', 'NKX', 'NAZ', 'MOLN', 'APM', 'ITIC', 'IRMD', 'WABF', 'VRCA', 'VRAX', 'VBF', 'APVO']: 'Bar' object has no attribute 'symbol'
ERROR:root:Error fetching data for ['VALN', 'TRUG', 'SXTC', 'STRT', 'SLE', 'SLDPW', 'APLT', 'SKYX', 'SDIG', 'APTO', 'RGTI', 'RFAIU', 'OP', 'NXP', 'NXLIW', 'NMZ', 'MNYWW', 'MITP', 'LGMK', 'LANV', 'KOSS', 'KELYB', 'KEAT', 'KDLYW', 'APLMW', 'IVCAU', 'ADVWW', 'IMMP', 'HECO', 'GWH', 'GCBC', 'FLGC', 'ESLAW', 'ESLA', 'DMA', 'CUTR', 'ADD', 'CURV', 'CREVW', 'CHSCO', 'CHR', 'CCD', 'BTMWW', 'BCAX', 'BACK', 'ASTC', 'ALDFU', 'AGNCL', 'AGMI', 'AGFY']: 'Bar' object has no attribute 'symbol'
